#
# There is insufficient memory for the Java Runtime Environment to continue.
# Native memory allocation (malloc) failed to allocate 557776 bytes. Error detail: Chunk::new
# Possible reasons:
#   The system is out of physical RAM or swap space
#   This process is running with CompressedOops enabled, and the Java Heap may be blocking the growth of the native heap
# Possible solutions:
#   Reduce memory load on the system
#   Increase physical memory or swap space
#   Check if swap backing store is full
#   Decrease Java heap size (-Xmx/-Xms)
#   Decrease number of Java threads
#   Decrease Java thread stack sizes (-Xss)
#   Set larger code cache with -XX:ReservedCodeCacheSize=
#   JVM is running with Unscaled Compressed Oops mode in which the Java heap is
#     placed in the first 4GB address space. The Java Heap base address is the
#     maximum limit for the native heap growth. Please use -XX:HeapBaseMinAddress
#     to set the Java Heap base and to place the Java Heap above 4GB virtual address.
# This output file may be truncated or incomplete.
#
#  Out of Memory Error (arena.cpp:168), pid=17760, tid=3736
#
# JRE version: OpenJDK Runtime Environment Temurin-21.0.7+6 (21.0.7+6) (build 21.0.7+6-LTS)
# Java VM: OpenJDK 64-Bit Server VM Temurin-21.0.7+6 (21.0.7+6-LTS, mixed mode, sharing, tiered, compressed oops, compressed class ptrs, parallel gc, windows-amd64)
# No core dump will be written. Minidumps are not enabled by default on client versions of Windows
#

---------------  S U M M A R Y ------------

Command Line: --add-modules=ALL-SYSTEM --add-opens=java.base/java.util=ALL-UNNAMED --add-opens=java.base/java.lang=ALL-UNNAMED --add-opens=java.base/sun.nio.fs=ALL-UNNAMED -Declipse.application=org.eclipse.jdt.ls.core.id1 -Dosgi.bundles.defaultStartLevel=4 -Declipse.product=org.eclipse.jdt.ls.core.product -Djava.import.generatesMetadataFilesAtProjectRoot=false -DDetectVMInstallationsJob.disabled=true -Dfile.encoding=utf8 -XX:+UseParallelGC -XX:GCTimeRatio=4 -XX:AdaptiveSizePolicyWeight=90 -Dsun.zip.disableMemoryMapping=true -Xmx1G -Xms100m -Xlog:disable -javaagent:c:\Users\LORD EMILIO\.vscode\extensions\redhat.java-1.42.0-win32-x64\lombok\lombok-1.18.36.jar -XX:+HeapDumpOnOutOfMemoryError -XX:HeapDumpPath=c:\Users\LORD EMILIO\AppData\Roaming\Code\User\workspaceStorage\915489e9bd0cf59688f0d9b3132dc347\redhat.java -Daether.dependencyCollector.impl=bf c:\Users\LORD EMILIO\.vscode\extensions\redhat.java-1.42.0-win32-x64\server\plugins\org.eclipse.equinox.launcher_1.7.0.v20250424-1814.jar -configuration c:\Users\LORD EMILIO\AppData\Roaming\Code\User\globalStorage\redhat.java\1.42.0\config_win -data c:\Users\LORD EMILIO\AppData\Roaming\Code\User\workspaceStorage\915489e9bd0cf59688f0d9b3132dc347\redhat.java\jdt_ws --pipe=\\.\pipe\lsp-b03dd81a2f409af329a3b7912836e373-sock

Host: AMD Ryzen 5 1600 Six-Core Processor            , 12 cores, 15G,  Windows 10 , 64 bit Build 19041 (10.0.19041.3031)
Time: Wed Jun 11 01:02:42 2025 Hora estándar de Argentina elapsed time: 4607.450397 seconds (0d 1h 16m 47s)

---------------  T H R E A D  ---------------

Current thread (0x000001f958616830):  JavaThread "C2 CompilerThread2" daemon [_thread_in_native, id=3736, stack(0x000000d84b500000,0x000000d84b600000) (1024K)]


Current CompileTask:
C2:4607450 15164       4       org.eclipse.jdt.internal.compiler.lookup.ModuleBinding::getVisiblePackage (472 bytes)

Stack: [0x000000d84b500000,0x000000d84b600000]
Native frames: (J=compiled Java code, j=interpreted, Vv=VM code, C=native code)
V  [jvm.dll+0x6ce119]
V  [jvm.dll+0x8a84a1]
V  [jvm.dll+0x8aa9ce]
V  [jvm.dll+0x8ab0b3]
V  [jvm.dll+0x27f8a6]
V  [jvm.dll+0xc507d]
V  [jvm.dll+0xc55b3]
V  [jvm.dll+0x2f2c6d]
V  [jvm.dll+0x5f6bca]
V  [jvm.dll+0x250cb2]
V  [jvm.dll+0x24975f]
V  [jvm.dll+0x246fc4]
V  [jvm.dll+0x1c760e]
V  [jvm.dll+0x25695a]
V  [jvm.dll+0x254efa]
V  [jvm.dll+0x3f03f6]
V  [jvm.dll+0x851f6b]
V  [jvm.dll+0x6cc7dd]
C  [ucrtbase.dll+0x21bb2]
C  [KERNEL32.DLL+0x17614]
C  [ntdll.dll+0x526f1]


---------------  P R O C E S S  ---------------

Threads class SMR info:
_java_thread_list=0x000001f9593d3e60, length=53, elements={
0x000001f9786a8610, 0x000001f97da98790, 0x000001f97da99d90, 0x000001f97da9c960,
0x000001f97da9e090, 0x000001f97daa1800, 0x000001f97daa3260, 0x000001f97daa80a0,
0x000001f97fad0060, 0x000001f97fba38e0, 0x000001f97fdf5340, 0x000001f954420370,
0x000001f954a114f0, 0x000001f95459f850, 0x000001f9549dfc90, 0x000001f954ddaf90,
0x000001f9547d60a0, 0x000001f954eccb20, 0x000001f954ecb770, 0x000001f954ecd1b0,
0x000001f954ec9d30, 0x000001f9568e4330, 0x000001f9568e0820, 0x000001f9568e28f0,
0x000001f9568e3ca0, 0x000001f9568e2f80, 0x000001f9568e56e0, 0x000001f9568e0190,
0x000001f9568e5d70, 0x000001f9568e6400, 0x000001f9568e2260, 0x000001f9568e0eb0,
0x000001f9568e6a90, 0x000001f9568e3610, 0x000001f9568e1540, 0x000001f9568e5050,
0x000001f9568e49c0, 0x000001f957331140, 0x000001f954ecbe00, 0x000001f954eca3c0,
0x000001f9568e77b0, 0x000001f957332b80, 0x000001f956f8ae00, 0x000001f956f91d90,
0x000001f956f8f630, 0x000001f956f8c840, 0x000001f95ae63330, 0x000001f957331e60,
0x000001f95ae64050, 0x000001f95ae68f10, 0x000001f95ae639c0, 0x000001f958616160,
0x000001f958616830
}

Java Threads: ( => current thread )
  0x000001f9786a8610 JavaThread "main"                              [_thread_blocked, id=18136, stack(0x000000d848c00000,0x000000d848d00000) (1024K)]
  0x000001f97da98790 JavaThread "Reference Handler"          daemon [_thread_blocked, id=8972, stack(0x000000d849000000,0x000000d849100000) (1024K)]
  0x000001f97da99d90 JavaThread "Finalizer"                  daemon [_thread_blocked, id=17980, stack(0x000000d849100000,0x000000d849200000) (1024K)]
  0x000001f97da9c960 JavaThread "Signal Dispatcher"          daemon [_thread_blocked, id=14128, stack(0x000000d849200000,0x000000d849300000) (1024K)]
  0x000001f97da9e090 JavaThread "Attach Listener"            daemon [_thread_blocked, id=14812, stack(0x000000d849300000,0x000000d849400000) (1024K)]
  0x000001f97daa1800 JavaThread "Service Thread"             daemon [_thread_blocked, id=5596, stack(0x000000d849400000,0x000000d849500000) (1024K)]
  0x000001f97daa3260 JavaThread "Monitor Deflation Thread"   daemon [_thread_blocked, id=12508, stack(0x000000d849500000,0x000000d849600000) (1024K)]
  0x000001f97daa80a0 JavaThread "C2 CompilerThread0"         daemon [_thread_in_native, id=18076, stack(0x000000d849600000,0x000000d849700000) (1024K)]
  0x000001f97fad0060 JavaThread "C1 CompilerThread0"         daemon [_thread_in_vm, id=16764, stack(0x000000d849700000,0x000000d849800000) (1024K)]
  0x000001f97fba38e0 JavaThread "Common-Cleaner"             daemon [_thread_blocked, id=12400, stack(0x000000d849800000,0x000000d849900000) (1024K)]
  0x000001f97fdf5340 JavaThread "Notification Thread"        daemon [_thread_blocked, id=13108, stack(0x000000d849a00000,0x000000d849b00000) (1024K)]
  0x000001f954420370 JavaThread "Active Thread: Equinox Container: 4e700d20-d5fe-4bd6-ab7d-a24c4a80bfdf"        [_thread_blocked, id=13756, stack(0x000000d84a200000,0x000000d84a300000) (1024K)]
  0x000001f954a114f0 JavaThread "Refresh Thread: Equinox Container: 4e700d20-d5fe-4bd6-ab7d-a24c4a80bfdf" daemon [_thread_blocked, id=14000, stack(0x000000d849b00000,0x000000d849c00000) (1024K)]
  0x000001f95459f850 JavaThread "Framework Event Dispatcher: Equinox Container: 4e700d20-d5fe-4bd6-ab7d-a24c4a80bfdf" daemon [_thread_blocked, id=13852, stack(0x000000d84a400000,0x000000d84a500000) (1024K)]
  0x000001f9549dfc90 JavaThread "Start Level: Equinox Container: 4e700d20-d5fe-4bd6-ab7d-a24c4a80bfdf" daemon [_thread_blocked, id=15224, stack(0x000000d84a500000,0x000000d84a600000) (1024K)]
  0x000001f954ddaf90 JavaThread "Bundle File Closer"         daemon [_thread_blocked, id=13744, stack(0x000000d84a900000,0x000000d84aa00000) (1024K)]
  0x000001f9547d60a0 JavaThread "SCR Component Actor"        daemon [_thread_blocked, id=11176, stack(0x000000d84aa00000,0x000000d84ab00000) (1024K)]
  0x000001f954eccb20 JavaThread "Worker-JM"                         [_thread_blocked, id=13896, stack(0x000000d84ac00000,0x000000d84ad00000) (1024K)]
  0x000001f954ecb770 JavaThread "Java indexing"              daemon [_thread_blocked, id=15400, stack(0x000000d84b000000,0x000000d84b100000) (1024K)]
  0x000001f954ecd1b0 JavaThread "JNA Cleaner"                daemon [_thread_blocked, id=17184, stack(0x000000d84b200000,0x000000d84b300000) (1024K)]
  0x000001f954ec9d30 JavaThread "Worker-5"                          [_thread_blocked, id=14968, stack(0x000000d84b600000,0x000000d84b700000) (1024K)]
  0x000001f9568e4330 JavaThread "Thread-2"                   daemon [_thread_in_native, id=18024, stack(0x000000d84b700000,0x000000d84b800000) (1024K)]
  0x000001f9568e0820 JavaThread "Thread-3"                   daemon [_thread_in_native, id=16564, stack(0x000000d84b800000,0x000000d84b900000) (1024K)]
  0x000001f9568e28f0 JavaThread "Thread-4"                   daemon [_thread_in_native, id=10300, stack(0x000000d84b900000,0x000000d84ba00000) (1024K)]
  0x000001f9568e3ca0 JavaThread "Thread-5"                   daemon [_thread_in_native, id=9924, stack(0x000000d84ba00000,0x000000d84bb00000) (1024K)]
  0x000001f9568e2f80 JavaThread "Thread-6"                   daemon [_thread_in_native, id=11716, stack(0x000000d84bb00000,0x000000d84bc00000) (1024K)]
  0x000001f9568e56e0 JavaThread "Thread-7"                   daemon [_thread_in_native, id=17028, stack(0x000000d84bc00000,0x000000d84bd00000) (1024K)]
  0x000001f9568e0190 JavaThread "Thread-8"                   daemon [_thread_in_native, id=13024, stack(0x000000d84bd00000,0x000000d84be00000) (1024K)]
  0x000001f9568e5d70 JavaThread "Thread-9"                   daemon [_thread_in_native, id=14380, stack(0x000000d84be00000,0x000000d84bf00000) (1024K)]
  0x000001f9568e6400 JavaThread "Thread-10"                  daemon [_thread_in_native, id=13536, stack(0x000000d84bf00000,0x000000d84c000000) (1024K)]
  0x000001f9568e2260 JavaThread "Thread-11"                  daemon [_thread_in_native, id=17300, stack(0x000000d84c000000,0x000000d84c100000) (1024K)]
  0x000001f9568e0eb0 JavaThread "Thread-12"                  daemon [_thread_in_native, id=7572, stack(0x000000d84c100000,0x000000d84c200000) (1024K)]
  0x000001f9568e6a90 JavaThread "Thread-13"                  daemon [_thread_in_native, id=3064, stack(0x000000d84c200000,0x000000d84c300000) (1024K)]
  0x000001f9568e3610 JavaThread "Thread-14"                  daemon [_thread_in_native, id=15004, stack(0x000000d84c300000,0x000000d84c400000) (1024K)]
  0x000001f9568e1540 JavaThread "pool-2-thread-1"                   [_thread_blocked, id=15652, stack(0x000000d84c400000,0x000000d84c500000) (1024K)]
  0x000001f9568e5050 JavaThread "WorkspaceEventsHandler"            [_thread_blocked, id=14224, stack(0x000000d84c600000,0x000000d84c700000) (1024K)]
  0x000001f9568e49c0 JavaThread "pool-1-thread-1"                   [_thread_blocked, id=17040, stack(0x000000d84c700000,0x000000d84c800000) (1024K)]
  0x000001f957331140 JavaThread "Timer-0"                           [_thread_blocked, id=12304, stack(0x000000d848900000,0x000000d848a00000) (1024K)]
  0x000001f954ecbe00 JavaThread "Timer-1"                           [_thread_blocked, id=16056, stack(0x000000d848a00000,0x000000d848b00000) (1024K)]
  0x000001f954eca3c0 JavaThread "Timer-2"                           [_thread_blocked, id=14164, stack(0x000000d849900000,0x000000d849a00000) (1024K)]
  0x000001f9568e77b0 JavaThread "Timer-3"                           [_thread_blocked, id=10784, stack(0x000000d84a600000,0x000000d84a700000) (1024K)]
  0x000001f957332b80 JavaThread "Timer-4"                           [_thread_blocked, id=11128, stack(0x000000d84ab00000,0x000000d84ac00000) (1024K)]
  0x000001f956f8ae00 JavaThread "Timer-5"                           [_thread_blocked, id=7924, stack(0x000000d848b00000,0x000000d848c00000) (1024K)]
  0x000001f956f91d90 JavaThread "Timer-6"                           [_thread_blocked, id=14020, stack(0x000000d84af00000,0x000000d84b000000) (1024K)]
  0x000001f956f8f630 JavaThread "Timer-7"                           [_thread_blocked, id=15964, stack(0x000000d84cb00000,0x000000d84cc00000) (1024K)]
  0x000001f956f8c840 JavaThread "Worker-7"                          [_thread_blocked, id=15428, stack(0x000000d84ca00000,0x000000d84cb00000) (1024K)]
  0x000001f95ae63330 JavaThread "Cleaner-0"                  daemon [_thread_blocked, id=12408, stack(0x000000d84f200000,0x000000d84f300000) (1024K)]
  0x000001f957331e60 JavaThread "ForkJoinPool.commonPool-worker-13" daemon [_thread_blocked, id=8652, stack(0x000000d84ad00000,0x000000d84ae00000) (1024K)]
  0x000001f95ae64050 JavaThread "ForkJoinPool.commonPool-worker-14" daemon [_thread_in_Java, id=13220, stack(0x000000d84ae00000,0x000000d84af00000) (1024K)]
  0x000001f95ae68f10 JavaThread "ForkJoinPool.commonPool-worker-15" daemon [_thread_blocked, id=10160, stack(0x000000d84b100000,0x000000d84b200000) (1024K)]
  0x000001f95ae639c0 JavaThread "ForkJoinPool.commonPool-worker-16" daemon [_thread_blocked, id=11720, stack(0x000000d84b300000,0x000000d84b400000) (1024K)]
  0x000001f958616160 JavaThread "C2 CompilerThread1"         daemon [_thread_in_native, id=16224, stack(0x000000d84b400000,0x000000d84b500000) (1024K)]
=>0x000001f958616830 JavaThread "C2 CompilerThread2"         daemon [_thread_in_native, id=3736, stack(0x000000d84b500000,0x000000d84b600000) (1024K)]
Total: 53

Other Threads:
  0x000001f9763bf7a0 VMThread "VM Thread"                           [id=13984, stack(0x000000d848f00000,0x000000d849000000) (1024K)]
  0x000001f97d931c40 WatcherThread "VM Periodic Task Thread"        [id=16176, stack(0x000000d848e00000,0x000000d848f00000) (1024K)]
  0x000001f9763bf060 WorkerThread "GC Thread#0"                     [id=17192, stack(0x000000d848d00000,0x000000d848e00000) (1024K)]
  0x000001f9763be580 WorkerThread "GC Thread#1"                     [id=13772, stack(0x000000d849c00000,0x000000d849d00000) (1024K)]
  0x000001f9763be920 WorkerThread "GC Thread#2"                     [id=11780, stack(0x000000d849d00000,0x000000d849e00000) (1024K)]
  0x000001f95444f2a0 WorkerThread "GC Thread#3"                     [id=14692, stack(0x000000d849e00000,0x000000d849f00000) (1024K)]
  0x000001f95444e420 WorkerThread "GC Thread#4"                     [id=17664, stack(0x000000d849f00000,0x000000d84a000000) (1024K)]
  0x000001f95444fd80 WorkerThread "GC Thread#5"                     [id=4780, stack(0x000000d84a000000,0x000000d84a100000) (1024K)]
  0x000001f95444d940 WorkerThread "GC Thread#6"                     [id=14180, stack(0x000000d84a100000,0x000000d84a200000) (1024K)]
  0x000001f95444f640 WorkerThread "GC Thread#7"                     [id=13384, stack(0x000000d84a300000,0x000000d84a400000) (1024K)]
  0x000001f95444c380 WorkerThread "GC Thread#8"                     [id=13808, stack(0x000000d84a700000,0x000000d84a800000) (1024K)]
  0x000001f95444e7c0 WorkerThread "GC Thread#9"                     [id=12988, stack(0x000000d84a800000,0x000000d84a900000) (1024K)]
Total: 12

Threads with active compile tasks:
C2 CompilerThread0  4607496 15168       4       lombok.core.AST::buildWithField (21 bytes)
C1 CompilerThread0  4607497 15231   !   2       org.eclipse.jdt.core.dom.DefaultCommentMapper::storeLeadingComments (552 bytes)
C2 CompilerThread1  4607497 15167   !   4       lombok.core.FieldAugment$ReflectionFieldAugment::getAndSet (80 bytes)
C2 CompilerThread2  4607497 15164       4       org.eclipse.jdt.internal.compiler.lookup.ModuleBinding::getVisiblePackage (472 bytes)
Total: 4

VM state: not at safepoint (normal execution)

VM Mutex/Monitor currently owned by a thread: None

Heap address: 0x00000000c0000000, size: 1024 MB, Compressed Oops mode: 32-bit

CDS archive(s) mapped at: [0x000001f90f000000-0x000001f90fba0000-0x000001f90fba0000), size 12189696, SharedBaseAddress: 0x000001f90f000000, ArchiveRelocationMode: 1.
Compressed class space mapped at: 0x000001f910000000-0x000001f950000000, reserved size: 1073741824
Narrow klass base: 0x000001f90f000000, Narrow klass shift: 0, Narrow klass range: 0x100000000

GC Precious Log:
 CardTable entry size: 512
 CPUs: 12 total, 12 available
 Memory: 16309M
 Large Page Support: Disabled
 NUMA Support: Disabled
 Compressed Oops: Enabled (32-bit)
 Alignments: Space 512K, Generation 512K, Heap 2M
 Heap Min Capacity: 100M
 Heap Initial Capacity: 100M
 Heap Max Capacity: 1G
 Pre-touch: Disabled
 Parallel Workers: 10

Heap:
 PSYoungGen      total 5120K, used 2367K [0x00000000eab00000, 0x00000000eb100000, 0x0000000100000000)
  eden space 4096K, 48% used [0x00000000eab00000,0x00000000eacefcc8,0x00000000eaf00000)
  from space 1024K, 37% used [0x00000000eb000000,0x00000000eb060000,0x00000000eb100000)
  to   space 1024K, 0% used [0x00000000eaf00000,0x00000000eaf00000,0x00000000eb000000)
 ParOldGen       total 461312K, used 461238K [0x00000000c0000000, 0x00000000dc280000, 0x00000000eab00000)
  object space 461312K, 99% used [0x00000000c0000000,0x00000000dc26da28,0x00000000dc280000)
 Metaspace       used 91117K, committed 93056K, reserved 1179648K
  class space    used 10528K, committed 11392K, reserved 1048576K

Card table byte_map: [0x000001f978060000,0x000001f978270000] _byte_map_base: 0x000001f977a60000

Marking Bits: (ParMarkBitMap*) 0x00007fffa9a831f0
 Begin Bits: [0x000001f97b8b0000, 0x000001f97c8b0000)
 End Bits:   [0x000001f97c8b0000, 0x000001f97d8b0000)

Polling page: 0x000001f9763a0000

Metaspace:

Usage:
  Non-class:     78.70 MB used.
      Class:     10.28 MB used.
       Both:     88.98 MB used.

Virtual space:
  Non-class space:      128.00 MB reserved,      79.75 MB ( 62%) committed,  2 nodes.
      Class space:        1.00 GB reserved,      11.12 MB (  1%) committed,  1 nodes.
             Both:        1.12 GB reserved,      90.88 MB (  8%) committed. 

Chunk freelists:
   Non-Class:  15.42 MB
       Class:  4.76 MB
        Both:  20.19 MB

MaxMetaspaceSize: unlimited
CompressedClassSpaceSize: 1.00 GB
Initial GC threshold: 21.00 MB
Current GC threshold: 145.31 MB
CDS: on
 - commit_granule_bytes: 65536.
 - commit_granule_words: 8192.
 - virtual_space_node_default_size: 8388608.
 - enlarge_chunks_in_place: 1.
 - use_allocation_guard: 0.


Internal statistics:

num_allocs_failed_limit: 9.
num_arena_births: 1786.
num_arena_deaths: 22.
num_vsnodes_births: 3.
num_vsnodes_deaths: 0.
num_space_committed: 1454.
num_space_uncommitted: 0.
num_chunks_returned_to_freelist: 35.
num_chunks_taken_from_freelist: 5908.
num_chunk_merges: 9.
num_chunk_splits: 3703.
num_chunks_enlarged: 2175.
num_inconsistent_stats: 0.

CodeHeap 'non-profiled nmethods': size=120000Kb used=12682Kb max_used=12682Kb free=107318Kb
 bounds [0x000001f907ad0000, 0x000001f908740000, 0x000001f90f000000]
CodeHeap 'profiled nmethods': size=120000Kb used=31056Kb max_used=31056Kb free=88943Kb
 bounds [0x000001f900000000, 0x000001f901e60000, 0x000001f907530000]
CodeHeap 'non-nmethods': size=5760Kb used=1531Kb max_used=1597Kb free=4228Kb
 bounds [0x000001f907530000, 0x000001f9077a0000, 0x000001f907ad0000]
 total_blobs=14592 nmethods=13739 adapters=757
 compilation: enabled
              stopped_count=0, restarted_count=0
 full_count=0

Compilation events (20 events):
Event: 4607.408 Thread 0x000001f97fad0060 nmethod 15187 0x000001f901e39110 code [0x000001f901e39400, 0x000001f901e3a4a0]
Event: 4607.408 Thread 0x000001f97fad0060 15192       1       org.eclipse.jdt.internal.core.PackageDeclaration::getElementType (3 bytes)
Event: 4607.408 Thread 0x000001f97fad0060 nmethod 15192 0x000001f908732210 code [0x000001f9087323a0, 0x000001f908732468]
Event: 4607.409 Thread 0x000001f97fad0060 15193       3       org.eclipse.jdt.internal.compiler.lookup.SplitPackageBinding::hasType0Any (54 bytes)
Event: 4607.410 Thread 0x000001f97fad0060 nmethod 15193 0x000001f901e3aa10 code [0x000001f901e3ac80, 0x000001f901e3b7f0]
Event: 4607.411 Thread 0x000001f97fad0060 15194       3       lombok.eclipse.TransformEclipseAST::go (108 bytes)
Event: 4607.414 Thread 0x000001f97fad0060 nmethod 15194 0x000001f901e3bb10 code [0x000001f901e3bda0, 0x000001f901e3cb38]
Event: 4607.420 Thread 0x000001f97fad0060 15197       3       java.util.stream.ReduceOps$4ReducingSink::<init> (20 bytes)
Event: 4607.421 Thread 0x000001f97fad0060 nmethod 15197 0x000001f901e3d010 code [0x000001f901e3d1c0, 0x000001f901e3d3c8]
Event: 4607.421 Thread 0x000001f97fad0060 15198       3       java.util.stream.ReduceOps$4ReducingSink::begin (14 bytes)
Event: 4607.422 Thread 0x000001f97fad0060 nmethod 15198 0x000001f901e3d510 code [0x000001f901e3d6c0, 0x000001f901e3d8c0]
Event: 4607.423 Thread 0x000001f97fad0060 15202       3       org.eclipse.jdt.internal.core.SearchableEnvironment$$Lambda/0x000001f910ac64e8::apply (12 bytes)
Event: 4607.423 Thread 0x000001f97fad0060 nmethod 15202 0x000001f901e3d990 code [0x000001f901e3db40, 0x000001f901e3ddd8]
Event: 4607.423 Thread 0x000001f97fad0060 15199       3       org.eclipse.jdt.internal.compiler.lookup.ModuleBinding$$Lambda/0x000001f910a49a18::get (8 bytes)
Event: 4607.423 Thread 0x000001f97fad0060 nmethod 15199 0x000001f901e3de90 code [0x000001f901e3e060, 0x000001f901e3e4e8]
Event: 4607.423 Thread 0x000001f97fad0060 15201       3       java.util.stream.ReduceOps$4::makeSink (20 bytes)
Event: 4607.423 Thread 0x000001f97fad0060 nmethod 15201 0x000001f901e3e690 code [0x000001f901e3e840, 0x000001f901e3eb10]
Event: 4607.423 Thread 0x000001f97fad0060 15200       3       org.eclipse.jdt.internal.core.ModuleUpdater::applyModuleUpdates (85 bytes)
Event: 4607.424 Thread 0x000001f97fad0060 nmethod 15200 0x000001f901e3ec10 code [0x000001f901e3ee60, 0x000001f901e3f8b8]
Event: 4607.439 Thread 0x000001f97fad0060 15204   !   3       org.eclipse.jdt.internal.core.NameLookup::seekTypesInSourcePackage (442 bytes)

GC Heap History (20 events):
Event: 113.039 GC heap before
{Heap before GC invocations=1162 (full 4):
 PSYoungGen      total 3072K, used 3072K [0x00000000eab00000, 0x00000000eb400000, 0x0000000100000000)
  eden space 1536K, 100% used [0x00000000eab00000,0x00000000eac80000,0x00000000eac80000)
  from space 1536K, 100% used [0x00000000eaf80000,0x00000000eb100000,0x00000000eb100000)
  to   space 3072K, 0% used [0x00000000eac80000,0x00000000eac80000,0x00000000eaf80000)
 ParOldGen       total 455168K, used 454781K [0x00000000c0000000, 0x00000000dbc80000, 0x00000000eab00000)
  object space 455168K, 99% used [0x00000000c0000000,0x00000000dbc1f578,0x00000000dbc80000)
 Metaspace       used 89847K, committed 91712K, reserved 1179648K
  class space    used 10423K, committed 11328K, reserved 1048576K
}
Event: 113.041 GC heap after
{Heap after GC invocations=1162 (full 4):
 PSYoungGen      total 2560K, used 896K [0x00000000eab00000, 0x00000000eb100000, 0x0000000100000000)
  eden space 1536K, 0% used [0x00000000eab00000,0x00000000eab00000,0x00000000eac80000)
  from space 1024K, 87% used [0x00000000eac80000,0x00000000ead60000,0x00000000ead80000)
  to   space 2048K, 0% used [0x00000000eaf00000,0x00000000eaf00000,0x00000000eb100000)
 ParOldGen       total 456704K, used 456301K [0x00000000c0000000, 0x00000000dbe00000, 0x00000000eab00000)
  object space 456704K, 99% used [0x00000000c0000000,0x00000000dbd9b578,0x00000000dbe00000)
 Metaspace       used 89847K, committed 91712K, reserved 1179648K
  class space    used 10423K, committed 11328K, reserved 1048576K
}
Event: 113.044 GC heap before
{Heap before GC invocations=1163 (full 4):
 PSYoungGen      total 2560K, used 2432K [0x00000000eab00000, 0x00000000eb100000, 0x0000000100000000)
  eden space 1536K, 100% used [0x00000000eab00000,0x00000000eac80000,0x00000000eac80000)
  from space 1024K, 87% used [0x00000000eac80000,0x00000000ead60000,0x00000000ead80000)
  to   space 2048K, 0% used [0x00000000eaf00000,0x00000000eaf00000,0x00000000eb100000)
 ParOldGen       total 456704K, used 456301K [0x00000000c0000000, 0x00000000dbe00000, 0x00000000eab00000)
  object space 456704K, 99% used [0x00000000c0000000,0x00000000dbd9b578,0x00000000dbe00000)
 Metaspace       used 89851K, committed 91712K, reserved 1179648K
  class space    used 10423K, committed 11328K, reserved 1048576K
}
Event: 113.046 GC heap after
{Heap after GC invocations=1163 (full 4):
 PSYoungGen      total 3584K, used 1248K [0x00000000eab00000, 0x00000000eb080000, 0x0000000100000000)
  eden space 2048K, 0% used [0x00000000eab00000,0x00000000eab00000,0x00000000ead00000)
  from space 1536K, 81% used [0x00000000eaf00000,0x00000000eb038000,0x00000000eb080000)
  to   space 1536K, 0% used [0x00000000ead80000,0x00000000ead80000,0x00000000eaf00000)
 ParOldGen       total 457216K, used 457061K [0x00000000c0000000, 0x00000000dbe80000, 0x00000000eab00000)
  object space 457216K, 99% used [0x00000000c0000000,0x00000000dbe59578,0x00000000dbe80000)
 Metaspace       used 89851K, committed 91712K, reserved 1179648K
  class space    used 10423K, committed 11328K, reserved 1048576K
}
Event: 113.051 GC heap before
{Heap before GC invocations=1164 (full 4):
 PSYoungGen      total 3584K, used 3296K [0x00000000eab00000, 0x00000000eb080000, 0x0000000100000000)
  eden space 2048K, 100% used [0x00000000eab00000,0x00000000ead00000,0x00000000ead00000)
  from space 1536K, 81% used [0x00000000eaf00000,0x00000000eb038000,0x00000000eb080000)
  to   space 1536K, 0% used [0x00000000ead80000,0x00000000ead80000,0x00000000eaf00000)
 ParOldGen       total 457216K, used 457061K [0x00000000c0000000, 0x00000000dbe80000, 0x00000000eab00000)
  object space 457216K, 99% used [0x00000000c0000000,0x00000000dbe59578,0x00000000dbe80000)
 Metaspace       used 89851K, committed 91712K, reserved 1179648K
  class space    used 10423K, committed 11328K, reserved 1048576K
}
Event: 113.054 GC heap after
{Heap after GC invocations=1164 (full 4):
 PSYoungGen      total 4096K, used 1504K [0x00000000eab00000, 0x00000000eb180000, 0x0000000100000000)
  eden space 2560K, 0% used [0x00000000eab00000,0x00000000eab00000,0x00000000ead80000)
  from space 1536K, 97% used [0x00000000ead80000,0x00000000eaef8000,0x00000000eaf00000)
  to   space 2048K, 0% used [0x00000000eaf80000,0x00000000eaf80000,0x00000000eb180000)
 ParOldGen       total 458240K, used 458213K [0x00000000c0000000, 0x00000000dbf80000, 0x00000000eab00000)
  object space 458240K, 99% used [0x00000000c0000000,0x00000000dbf79578,0x00000000dbf80000)
 Metaspace       used 89851K, committed 91712K, reserved 1179648K
  class space    used 10423K, committed 11328K, reserved 1048576K
}
Event: 113.078 GC heap before
{Heap before GC invocations=1165 (full 4):
 PSYoungGen      total 4096K, used 4063K [0x00000000eab00000, 0x00000000eb180000, 0x0000000100000000)
  eden space 2560K, 99% used [0x00000000eab00000,0x00000000ead7ffe8,0x00000000ead80000)
  from space 1536K, 97% used [0x00000000ead80000,0x00000000eaef8000,0x00000000eaf00000)
  to   space 2048K, 0% used [0x00000000eaf80000,0x00000000eaf80000,0x00000000eb180000)
 ParOldGen       total 458240K, used 458213K [0x00000000c0000000, 0x00000000dbf80000, 0x00000000eab00000)
  object space 458240K, 99% used [0x00000000c0000000,0x00000000dbf79578,0x00000000dbf80000)
 Metaspace       used 90133K, committed 91968K, reserved 1179648K
  class space    used 10449K, committed 11328K, reserved 1048576K
}
Event: 113.081 GC heap after
{Heap after GC invocations=1165 (full 4):
 PSYoungGen      total 3584K, used 416K [0x00000000eab00000, 0x00000000eb000000, 0x0000000100000000)
  eden space 3072K, 0% used [0x00000000eab00000,0x00000000eab00000,0x00000000eae00000)
  from space 512K, 81% used [0x00000000eaf80000,0x00000000eafe8000,0x00000000eb000000)
  to   space 1024K, 0% used [0x00000000eae00000,0x00000000eae00000,0x00000000eaf00000)
 ParOldGen       total 459776K, used 459677K [0x00000000c0000000, 0x00000000dc100000, 0x00000000eab00000)
  object space 459776K, 99% used [0x00000000c0000000,0x00000000dc0e7578,0x00000000dc100000)
 Metaspace       used 90133K, committed 91968K, reserved 1179648K
  class space    used 10449K, committed 11328K, reserved 1048576K
}
Event: 113.133 GC heap before
{Heap before GC invocations=1166 (full 4):
 PSYoungGen      total 3584K, used 3481K [0x00000000eab00000, 0x00000000eb000000, 0x0000000100000000)
  eden space 3072K, 99% used [0x00000000eab00000,0x00000000eadfe670,0x00000000eae00000)
  from space 512K, 81% used [0x00000000eaf80000,0x00000000eafe8000,0x00000000eb000000)
  to   space 1024K, 0% used [0x00000000eae00000,0x00000000eae00000,0x00000000eaf00000)
 ParOldGen       total 459776K, used 459677K [0x00000000c0000000, 0x00000000dc100000, 0x00000000eab00000)
  object space 459776K, 99% used [0x00000000c0000000,0x00000000dc0e7578,0x00000000dc100000)
 Metaspace       used 90452K, committed 92352K, reserved 1179648K
  class space    used 10471K, committed 11392K, reserved 1048576K
}
Event: 113.135 GC heap after
{Heap after GC invocations=1166 (full 4):
 PSYoungGen      total 4096K, used 512K [0x00000000eab00000, 0x00000000eb100000, 0x0000000100000000)
  eden space 3072K, 0% used [0x00000000eab00000,0x00000000eab00000,0x00000000eae00000)
  from space 1024K, 50% used [0x00000000eae00000,0x00000000eae80000,0x00000000eaf00000)
  to   space 1024K, 0% used [0x00000000eb000000,0x00000000eb000000,0x00000000eb100000)
 ParOldGen       total 460288K, used 459921K [0x00000000c0000000, 0x00000000dc180000, 0x00000000eab00000)
  object space 460288K, 99% used [0x00000000c0000000,0x00000000dc1247f8,0x00000000dc180000)
 Metaspace       used 90452K, committed 92352K, reserved 1179648K
  class space    used 10471K, committed 11392K, reserved 1048576K
}
Event: 113.171 GC heap before
{Heap before GC invocations=1167 (full 4):
 PSYoungGen      total 4096K, used 3584K [0x00000000eab00000, 0x00000000eb100000, 0x0000000100000000)
  eden space 3072K, 100% used [0x00000000eab00000,0x00000000eae00000,0x00000000eae00000)
  from space 1024K, 50% used [0x00000000eae00000,0x00000000eae80000,0x00000000eaf00000)
  to   space 1024K, 0% used [0x00000000eb000000,0x00000000eb000000,0x00000000eb100000)
 ParOldGen       total 460288K, used 459921K [0x00000000c0000000, 0x00000000dc180000, 0x00000000eab00000)
  object space 460288K, 99% used [0x00000000c0000000,0x00000000dc1247f8,0x00000000dc180000)
 Metaspace       used 90767K, committed 92608K, reserved 1179648K
  class space    used 10506K, committed 11392K, reserved 1048576K
}
Event: 113.173 GC heap after
{Heap after GC invocations=1167 (full 4):
 PSYoungGen      total 4608K, used 426K [0x00000000eab00000, 0x00000000eb080000, 0x0000000100000000)
  eden space 4096K, 0% used [0x00000000eab00000,0x00000000eab00000,0x00000000eaf00000)
  from space 512K, 83% used [0x00000000eb000000,0x00000000eb06a950,0x00000000eb080000)
  to   space 512K, 0% used [0x00000000eaf80000,0x00000000eaf80000,0x00000000eb000000)
 ParOldGen       total 460800K, used 460289K [0x00000000c0000000, 0x00000000dc200000, 0x00000000eab00000)
  object space 460800K, 99% used [0x00000000c0000000,0x00000000dc1807f8,0x00000000dc200000)
 Metaspace       used 90767K, committed 92608K, reserved 1179648K
  class space    used 10506K, committed 11392K, reserved 1048576K
}
Event: 113.202 GC heap before
{Heap before GC invocations=1168 (full 4):
 PSYoungGen      total 4608K, used 4522K [0x00000000eab00000, 0x00000000eb080000, 0x0000000100000000)
  eden space 4096K, 100% used [0x00000000eab00000,0x00000000eaf00000,0x00000000eaf00000)
  from space 512K, 83% used [0x00000000eb000000,0x00000000eb06a950,0x00000000eb080000)
  to   space 512K, 0% used [0x00000000eaf80000,0x00000000eaf80000,0x00000000eb000000)
 ParOldGen       total 460800K, used 460289K [0x00000000c0000000, 0x00000000dc200000, 0x00000000eab00000)
  object space 460800K, 99% used [0x00000000c0000000,0x00000000dc1807f8,0x00000000dc200000)
 Metaspace       used 90997K, committed 92800K, reserved 1179648K
  class space    used 10524K, committed 11392K, reserved 1048576K
}
Event: 113.204 GC heap after
{Heap after GC invocations=1168 (full 4):
 PSYoungGen      total 4608K, used 192K [0x00000000eab00000, 0x00000000eb080000, 0x0000000100000000)
  eden space 4096K, 0% used [0x00000000eab00000,0x00000000eab00000,0x00000000eaf00000)
  from space 512K, 37% used [0x00000000eaf80000,0x00000000eafb0000,0x00000000eb000000)
  to   space 512K, 0% used [0x00000000eb000000,0x00000000eb000000,0x00000000eb080000)
 ParOldGen       total 460800K, used 460441K [0x00000000c0000000, 0x00000000dc200000, 0x00000000eab00000)
  object space 460800K, 99% used [0x00000000c0000000,0x00000000dc1a67f8,0x00000000dc200000)
 Metaspace       used 90997K, committed 92800K, reserved 1179648K
  class space    used 10524K, committed 11392K, reserved 1048576K
}
Event: 4607.054 GC heap before
{Heap before GC invocations=1169 (full 4):
 PSYoungGen      total 4608K, used 4288K [0x00000000eab00000, 0x00000000eb080000, 0x0000000100000000)
  eden space 4096K, 100% used [0x00000000eab00000,0x00000000eaf00000,0x00000000eaf00000)
  from space 512K, 37% used [0x00000000eaf80000,0x00000000eafb0000,0x00000000eb000000)
  to   space 512K, 0% used [0x00000000eb000000,0x00000000eb000000,0x00000000eb080000)
 ParOldGen       total 460800K, used 460441K [0x00000000c0000000, 0x00000000dc200000, 0x00000000eab00000)
  object space 460800K, 99% used [0x00000000c0000000,0x00000000dc1a67f8,0x00000000dc200000)
 Metaspace       used 91072K, committed 92992K, reserved 1179648K
  class space    used 10528K, committed 11392K, reserved 1048576K
}
Event: 4607.175 GC heap after
{Heap after GC invocations=1169 (full 4):
 PSYoungGen      total 4608K, used 410K [0x00000000eab00000, 0x00000000eb080000, 0x0000000100000000)
  eden space 4096K, 0% used [0x00000000eab00000,0x00000000eab00000,0x00000000eaf00000)
  from space 512K, 80% used [0x00000000eb000000,0x00000000eb066920,0x00000000eb080000)
  to   space 512K, 0% used [0x00000000eaf80000,0x00000000eaf80000,0x00000000eb000000)
 ParOldGen       total 460800K, used 460545K [0x00000000c0000000, 0x00000000dc200000, 0x00000000eab00000)
  object space 460800K, 99% used [0x00000000c0000000,0x00000000dc1c07f8,0x00000000dc200000)
 Metaspace       used 91072K, committed 92992K, reserved 1179648K
  class space    used 10528K, committed 11392K, reserved 1048576K
}
Event: 4607.362 GC heap before
{Heap before GC invocations=1170 (full 4):
 PSYoungGen      total 4608K, used 4506K [0x00000000eab00000, 0x00000000eb080000, 0x0000000100000000)
  eden space 4096K, 100% used [0x00000000eab00000,0x00000000eaf00000,0x00000000eaf00000)
  from space 512K, 80% used [0x00000000eb000000,0x00000000eb066920,0x00000000eb080000)
  to   space 512K, 0% used [0x00000000eaf80000,0x00000000eaf80000,0x00000000eb000000)
 ParOldGen       total 460800K, used 460545K [0x00000000c0000000, 0x00000000dc200000, 0x00000000eab00000)
  object space 460800K, 99% used [0x00000000c0000000,0x00000000dc1c07f8,0x00000000dc200000)
 Metaspace       used 91073K, committed 92992K, reserved 1179648K
  class space    used 10528K, committed 11392K, reserved 1048576K
}
Event: 4607.368 GC heap after
{Heap after GC invocations=1170 (full 4):
 PSYoungGen      total 4608K, used 512K [0x00000000eab00000, 0x00000000eb100000, 0x0000000100000000)
  eden space 4096K, 0% used [0x00000000eab00000,0x00000000eab00000,0x00000000eaf00000)
  from space 512K, 100% used [0x00000000eaf80000,0x00000000eb000000,0x00000000eb000000)
  to   space 1024K, 0% used [0x00000000eb000000,0x00000000eb000000,0x00000000eb100000)
 ParOldGen       total 461312K, used 460814K [0x00000000c0000000, 0x00000000dc280000, 0x00000000eab00000)
  object space 461312K, 99% used [0x00000000c0000000,0x00000000dc203a18,0x00000000dc280000)
 Metaspace       used 91073K, committed 92992K, reserved 1179648K
  class space    used 10528K, committed 11392K, reserved 1048576K
}
Event: 4607.428 GC heap before
{Heap before GC invocations=1171 (full 4):
 PSYoungGen      total 4608K, used 4608K [0x00000000eab00000, 0x00000000eb100000, 0x0000000100000000)
  eden space 4096K, 100% used [0x00000000eab00000,0x00000000eaf00000,0x00000000eaf00000)
  from space 512K, 100% used [0x00000000eaf80000,0x00000000eb000000,0x00000000eb000000)
  to   space 1024K, 0% used [0x00000000eb000000,0x00000000eb000000,0x00000000eb100000)
 ParOldGen       total 461312K, used 460814K [0x00000000c0000000, 0x00000000dc280000, 0x00000000eab00000)
  object space 461312K, 99% used [0x00000000c0000000,0x00000000dc203a18,0x00000000dc280000)
 Metaspace       used 91080K, committed 92992K, reserved 1179648K
  class space    used 10528K, committed 11392K, reserved 1048576K
}
Event: 4607.436 GC heap after
{Heap after GC invocations=1171 (full 4):
 PSYoungGen      total 5120K, used 384K [0x00000000eab00000, 0x00000000eb100000, 0x0000000100000000)
  eden space 4096K, 0% used [0x00000000eab00000,0x00000000eab00000,0x00000000eaf00000)
  from space 1024K, 37% used [0x00000000eb000000,0x00000000eb060000,0x00000000eb100000)
  to   space 1024K, 0% used [0x00000000eaf00000,0x00000000eaf00000,0x00000000eb000000)
 ParOldGen       total 461312K, used 461238K [0x00000000c0000000, 0x00000000dc280000, 0x00000000eab00000)
  object space 461312K, 99% used [0x00000000c0000000,0x00000000dc26da28,0x00000000dc280000)
 Metaspace       used 91080K, committed 92992K, reserved 1179648K
  class space    used 10528K, committed 11392K, reserved 1048576K
}

Dll operation events (15 events):
Event: 0.011 Loaded shared library c:\Users\LORD EMILIO\.vscode\extensions\redhat.java-1.42.0-win32-x64\jre\21.0.7-win32-x86_64\bin\java.dll
Event: 0.098 Loaded shared library c:\Users\LORD EMILIO\.vscode\extensions\redhat.java-1.42.0-win32-x64\jre\21.0.7-win32-x86_64\bin\zip.dll
Event: 0.127 Loaded shared library C:\Users\LORD EMILIO\.vscode\extensions\redhat.java-1.42.0-win32-x64\jre\21.0.7-win32-x86_64\bin\instrument.dll
Event: 0.134 Loaded shared library C:\Users\LORD EMILIO\.vscode\extensions\redhat.java-1.42.0-win32-x64\jre\21.0.7-win32-x86_64\bin\net.dll
Event: 0.137 Loaded shared library C:\Users\LORD EMILIO\.vscode\extensions\redhat.java-1.42.0-win32-x64\jre\21.0.7-win32-x86_64\bin\nio.dll
Event: 0.141 Loaded shared library C:\Users\LORD EMILIO\.vscode\extensions\redhat.java-1.42.0-win32-x64\jre\21.0.7-win32-x86_64\bin\zip.dll
Event: 0.165 Loaded shared library C:\Users\LORD EMILIO\.vscode\extensions\redhat.java-1.42.0-win32-x64\jre\21.0.7-win32-x86_64\bin\jimage.dll
Event: 0.275 Loaded shared library c:\Users\LORD EMILIO\.vscode\extensions\redhat.java-1.42.0-win32-x64\jre\21.0.7-win32-x86_64\bin\verify.dll
Event: 1.767 Loaded shared library C:\Users\LORD EMILIO\AppData\Roaming\Code\User\globalStorage\redhat.java\1.42.0\config_win\org.eclipse.equinox.launcher\org.eclipse.equinox.launcher.win32.win32.x86_64_1.2.1300.v20250331-1702\eclipse_11911.dll
Event: 3.048 Loaded shared library C:\Users\LORD EMILIO\.vscode\extensions\redhat.java-1.42.0-win32-x64\jre\21.0.7-win32-x86_64\bin\management.dll
Event: 3.051 Loaded shared library C:\Users\LORD EMILIO\.vscode\extensions\redhat.java-1.42.0-win32-x64\jre\21.0.7-win32-x86_64\bin\management_ext.dll
Event: 5.352 Loaded shared library C:\Users\LORD EMILIO\AppData\Local\Temp\jna--1020287556\jna9101477928716462414.dll
Event: 6.022 Loaded shared library C:\Users\LORD EMILIO\.vscode\extensions\redhat.java-1.42.0-win32-x64\jre\21.0.7-win32-x86_64\bin\sunmscapi.dll
Event: 6.152 Loaded shared library C:\Users\LORD EMILIO\.vscode\extensions\redhat.java-1.42.0-win32-x64\jre\21.0.7-win32-x86_64\bin\extnet.dll
Event: 69.450 Loaded shared library C:\Users\LORD EMILIO\.gradle\native\1def1411415f61bf3af743bc5b6707747c0891f09f0c88961ee8f79bc544acac\windows-amd64\native-platform.dll

Deoptimization events (20 events):
Event: 113.011 Thread 0x000001f95b1e9c90 DEOPT PACKING pc=0x000001f907f76d2c sp=0x000000d84dcf99a0
Event: 113.011 Thread 0x000001f95b1e9c90 DEOPT UNPACKING pc=0x000001f907583aa2 sp=0x000000d84dcf9928 mode 2
Event: 113.175 Thread 0x000001f95ae64050 DEOPT PACKING pc=0x000001f9007e8f33 sp=0x000000d84eef8590
Event: 113.175 Thread 0x000001f95ae64050 DEOPT UNPACKING pc=0x000001f907584242 sp=0x000000d84eef7ac0 mode 0
Event: 113.176 Thread 0x000001f95ae64050 DEOPT PACKING pc=0x000001f9007f05e0 sp=0x000000d84eef8500
Event: 113.176 Thread 0x000001f95ae64050 DEOPT UNPACKING pc=0x000001f907584242 sp=0x000000d84eef7aa8 mode 0
Event: 113.193 Thread 0x000001f95ae64050 Uncommon trap: trap_request=0xffffffde fr.pc=0x000001f908374f98 relative=0x0000000000000078
Event: 113.193 Thread 0x000001f95ae64050 Uncommon trap: reason=class_check action=maybe_recompile pc=0x000001f908374f98 method=java.util.LinkedHashMap.afterNodeInsertion(Z)V @ 15 c2
Event: 113.193 Thread 0x000001f95ae64050 DEOPT PACKING pc=0x000001f908374f98 sp=0x000000d84eefe9e0
Event: 113.193 Thread 0x000001f95ae64050 DEOPT UNPACKING pc=0x000001f907583aa2 sp=0x000000d84eefe958 mode 2
Event: 3497.766 Thread 0x000001f954eca3c0 DEOPT PACKING pc=0x000001f901e024a3 sp=0x000000d8499ff090
Event: 3497.766 Thread 0x000001f954eca3c0 DEOPT UNPACKING pc=0x000001f907584242 sp=0x000000d8499fe578 mode 0
Event: 4463.179 Thread 0x000001f957331e60 DEOPT PACKING pc=0x000001f900c722db sp=0x000000d84adfe010
Event: 4463.179 Thread 0x000001f957331e60 DEOPT UNPACKING pc=0x000001f907584242 sp=0x000000d84adfd530 mode 0
Event: 4606.873 Thread 0x000001f957331e60 DEOPT PACKING pc=0x000001f900c722db sp=0x000000d84adfe0c0
Event: 4606.873 Thread 0x000001f957331e60 DEOPT UNPACKING pc=0x000001f907584242 sp=0x000000d84adfd5e0 mode 0
Event: 4606.977 Thread 0x000001f95ae68f10 DEOPT PACKING pc=0x000001f900c722db sp=0x000000d84b1fde70
Event: 4606.978 Thread 0x000001f95ae68f10 DEOPT UNPACKING pc=0x000001f907584242 sp=0x000000d84b1fd390 mode 0
Event: 4607.371 Thread 0x000001f95ae64050 DEOPT PACKING pc=0x000001f901611fef sp=0x000000d84aefc810
Event: 4607.371 Thread 0x000001f95ae64050 DEOPT UNPACKING pc=0x000001f907584242 sp=0x000000d84aefbd28 mode 0

Classes loaded (20 events):
Event: 99.764 Loading class jdk/internal/module/IllegalAccessLogger
Event: 99.764 Loading class jdk/internal/module/IllegalAccessLogger done
Event: 100.003 Loading class java/util/stream/DistinctOps
Event: 100.003 Loading class java/util/stream/DistinctOps done
Event: 100.003 Loading class java/util/stream/DistinctOps$1
Event: 100.003 Loading class java/util/stream/DistinctOps$1 done
Event: 100.008 Loading class java/util/stream/DistinctOps$1$2
Event: 100.008 Loading class java/util/stream/DistinctOps$1$2 done
Event: 112.458 Loading class jdk/internal/icu/text/NormalizerBase$NFCModeImpl
Event: 112.458 Loading class jdk/internal/icu/text/NormalizerBase$NFCModeImpl done
Event: 112.458 Loading class jdk/internal/icu/impl/Norm2AllModes$NFCSingleton
Event: 112.458 Loading class jdk/internal/icu/impl/Norm2AllModes$NFCSingleton done
Event: 112.461 Loading class jdk/internal/event/SecurityPropertyModificationEvent
Event: 112.462 Loading class jdk/internal/event/SecurityPropertyModificationEvent done
Event: 112.462 Loading class java/nio/StringCharBuffer
Event: 112.464 Loading class java/nio/StringCharBuffer done
Event: 112.719 Loading class java/util/zip/GZIPInputStream$1
Event: 112.719 Loading class java/util/zip/GZIPInputStream$1 done
Event: 112.881 Loading class jdk/internal/ref/CleanerImpl$InnocuousThreadFactory
Event: 112.881 Loading class jdk/internal/ref/CleanerImpl$InnocuousThreadFactory done

Classes unloaded (11 events):
Event: 3.893 Thread 0x000001f9763bf7a0 Unloading class 0x000001f9101a4c00 'java/lang/invoke/LambdaForm$MH+0x000001f9101a4c00'
Event: 3.893 Thread 0x000001f9763bf7a0 Unloading class 0x000001f9101a4800 'java/lang/invoke/LambdaForm$MH+0x000001f9101a4800'
Event: 3.893 Thread 0x000001f9763bf7a0 Unloading class 0x000001f9101a4400 'java/lang/invoke/LambdaForm$MH+0x000001f9101a4400'
Event: 3.893 Thread 0x000001f9763bf7a0 Unloading class 0x000001f9101a4000 'java/lang/invoke/LambdaForm$MH+0x000001f9101a4000'
Event: 3.893 Thread 0x000001f9763bf7a0 Unloading class 0x000001f9101a3c00 'java/lang/invoke/LambdaForm$BMH+0x000001f9101a3c00'
Event: 3.893 Thread 0x000001f9763bf7a0 Unloading class 0x000001f9101a3800 'java/lang/invoke/LambdaForm$DMH+0x000001f9101a3800'
Event: 3.893 Thread 0x000001f9763bf7a0 Unloading class 0x000001f9101a2400 'java/lang/invoke/LambdaForm$DMH+0x000001f9101a2400'
Event: 5.894 Thread 0x000001f9763bf7a0 Unloading class 0x000001f9102f0800 'java/lang/invoke/LambdaForm$MH+0x000001f9102f0800'
Event: 5.894 Thread 0x000001f9763bf7a0 Unloading class 0x000001f9102efc00 'java/lang/invoke/LambdaForm$MH+0x000001f9102efc00'
Event: 5.894 Thread 0x000001f9763bf7a0 Unloading class 0x000001f9102ef400 'java/lang/invoke/LambdaForm$MH+0x000001f9102ef400'
Event: 5.894 Thread 0x000001f9763bf7a0 Unloading class 0x000001f9102eec00 'java/lang/invoke/LambdaForm$MH+0x000001f9102eec00'

Classes redefined (0 events):
No events

Internal exceptions (20 events):
Event: 111.472 Thread 0x000001f954ecb770 Exception <a 'sun/nio/fs/WindowsException'{0x00000000eacbb898}> (0x00000000eacbb898) 
thrown [s\src\hotspot\share\prims\jni.cpp, line 520]
Event: 111.496 Thread 0x000001f954ecb770 Exception <a 'sun/nio/fs/WindowsException'{0x00000000eace3f50}> (0x00000000eace3f50) 
thrown [s\src\hotspot\share\prims\jni.cpp, line 520]
Event: 111.519 Thread 0x000001f954ecb770 Exception <a 'sun/nio/fs/WindowsException'{0x00000000eac1bd20}> (0x00000000eac1bd20) 
thrown [s\src\hotspot\share\prims\jni.cpp, line 520]
Event: 111.527 Thread 0x000001f954ecb770 Exception <a 'sun/nio/fs/WindowsException'{0x00000000eab6bc40}> (0x00000000eab6bc40) 
thrown [s\src\hotspot\share\prims\jni.cpp, line 520]
Event: 112.443 Thread 0x000001f954ecb770 Exception <a 'sun/nio/fs/WindowsException'{0x00000000eabbd3f0}> (0x00000000eabbd3f0) 
thrown [s\src\hotspot\share\prims\jni.cpp, line 520]
Event: 112.458 Thread 0x000001f9568e49c0 Exception <a 'java/lang/IncompatibleClassChangeError'{0x00000000eac66310}: Found class java.lang.Object, but interface was expected> (0x00000000eac66310) 
thrown [s\src\hotspot\share\interpreter\linkResolver.cpp, line 840]
Event: 112.473 Thread 0x000001f9568e49c0 Exception <a 'java/lang/IncompatibleClassChangeError'{0x00000000eac347c0}: Found class java.lang.Object, but interface was expected> (0x00000000eac347c0) 
thrown [s\src\hotspot\share\interpreter\linkResolver.cpp, line 840]
Event: 112.513 Thread 0x000001f95b1e6180 Exception <a 'java/lang/NoSuchMethodError'{0x00000000eab77360}: 'java.lang.Object java.lang.invoke.DirectMethodHandle$Holder.invokeSpecial(java.lang.Object, java.lang.Object, java.lang.Object, java.lang.Object, int, java.lang.Object, java.lang.Object)'> (0x00000000eab77360) 
thrown [s\src\hotspot\share\interpreter\linkResolver.cpp, line 773]
Event: 112.522 Thread 0x000001f954ec9d30 Exception <a 'sun/nio/fs/WindowsException'{0x00000000eab9a300}> (0x00000000eab9a300) 
thrown [s\src\hotspot\share\prims\jni.cpp, line 520]
Event: 112.522 Thread 0x000001f95ae61f80 Exception <a 'sun/nio/fs/WindowsException'{0x00000000eab9cd98}> (0x00000000eab9cd98) 
thrown [s\src\hotspot\share\prims\jni.cpp, line 520]
Event: 112.522 Thread 0x000001f954ec9d30 Exception <a 'sun/nio/fs/WindowsException'{0x00000000eaba0128}> (0x00000000eaba0128) 
thrown [s\src\hotspot\share\prims\jni.cpp, line 520]
Event: 112.522 Thread 0x000001f95ae61f80 Exception <a 'sun/nio/fs/WindowsException'{0x00000000eab9d380}> (0x00000000eab9d380) 
thrown [s\src\hotspot\share\prims\jni.cpp, line 520]
Event: 112.565 Thread 0x000001f95ae667b0 Exception <a 'sun/nio/fs/WindowsException'{0x00000000eab00608}> (0x00000000eab00608) 
thrown [s\src\hotspot\share\prims\jni.cpp, line 520]
Event: 112.565 Thread 0x000001f95ae667b0 Exception <a 'sun/nio/fs/WindowsException'{0x00000000eab08830}> (0x00000000eab08830) 
thrown [s\src\hotspot\share\prims\jni.cpp, line 520]
Event: 112.566 Thread 0x000001f95ae667b0 Exception <a 'sun/nio/fs/WindowsException'{0x00000000eab24d00}> (0x00000000eab24d00) 
thrown [s\src\hotspot\share\prims\jni.cpp, line 520]
Event: 112.566 Thread 0x000001f95ae667b0 Exception <a 'sun/nio/fs/WindowsException'{0x00000000eab2b290}> (0x00000000eab2b290) 
thrown [s\src\hotspot\share\prims\jni.cpp, line 520]
Event: 112.567 Thread 0x000001f95ae667b0 Exception <a 'sun/nio/fs/WindowsException'{0x00000000eab56440}> (0x00000000eab56440) 
thrown [s\src\hotspot\share\prims\jni.cpp, line 520]
Event: 112.567 Thread 0x000001f95ae667b0 Exception <a 'sun/nio/fs/WindowsException'{0x00000000eab60098}> (0x00000000eab60098) 
thrown [s\src\hotspot\share\prims\jni.cpp, line 520]
Event: 112.695 Thread 0x000001f95ae61f80 Exception <a 'java/lang/NoSuchMethodError'{0x00000000eaba7550}: 'java.lang.Object java.lang.invoke.Invokers$Holder.linkToTargetMethod(java.lang.Object, java.lang.Object, int, int, java.lang.Object)'> (0x00000000eaba7550) 
thrown [s\src\hotspot\share\interpreter\linkResolver.cpp, line 773]
Event: 112.695 Thread 0x000001f954ec9d30 Exception <a 'java/lang/NoSuchMethodError'{0x00000000eaba80e0}: 'java.lang.Object java.lang.invoke.Invokers$Holder.linkToTargetMethod(java.lang.Object, java.lang.Object, int, int, java.lang.Object)'> (0x00000000eaba80e0) 
thrown [s\src\hotspot\share\interpreter\linkResolver.cpp, line 773]

ZGC Phase Switch (0 events):
No events

VM Operations (20 events):
Event: 4452.366 Executing VM operation: HandshakeAllThreads (HandshakeForDeflation)
Event: 4452.366 Executing VM operation: HandshakeAllThreads (HandshakeForDeflation) done
Event: 4452.366 Executing VM operation: RendezvousGCThreads
Event: 4452.366 Executing VM operation: RendezvousGCThreads done
Event: 4463.371 Executing VM operation: Cleanup
Event: 4463.371 Executing VM operation: Cleanup done
Event: 4512.511 Executing VM operation: HandshakeAllThreads (HandshakeForDeflation)
Event: 4512.512 Executing VM operation: HandshakeAllThreads (HandshakeForDeflation) done
Event: 4512.512 Executing VM operation: RendezvousGCThreads
Event: 4512.512 Executing VM operation: RendezvousGCThreads done
Event: 4572.718 Executing VM operation: HandshakeAllThreads (HandshakeForDeflation)
Event: 4572.719 Executing VM operation: HandshakeAllThreads (HandshakeForDeflation) done
Event: 4572.719 Executing VM operation: RendezvousGCThreads
Event: 4572.719 Executing VM operation: RendezvousGCThreads done
Event: 4607.054 Executing VM operation: ParallelGCFailedAllocation (Allocation Failure)
Event: 4607.175 Executing VM operation: ParallelGCFailedAllocation (Allocation Failure) done
Event: 4607.362 Executing VM operation: ParallelGCFailedAllocation (Allocation Failure)
Event: 4607.368 Executing VM operation: ParallelGCFailedAllocation (Allocation Failure) done
Event: 4607.428 Executing VM operation: ParallelGCFailedAllocation (Allocation Failure)
Event: 4607.436 Executing VM operation: ParallelGCFailedAllocation (Allocation Failure) done

Memory protections (0 events):
No events

Nmethod flushes (20 events):
Event: 109.366 Thread 0x000001f9763bf7a0 flushing  nmethod 0x000001f900cc4990
Event: 109.366 Thread 0x000001f9763bf7a0 flushing  nmethod 0x000001f900cc8f10
Event: 109.366 Thread 0x000001f9763bf7a0 flushing  nmethod 0x000001f900cc9890
Event: 109.366 Thread 0x000001f9763bf7a0 flushing  nmethod 0x000001f900cc9d10
Event: 109.366 Thread 0x000001f9763bf7a0 flushing  nmethod 0x000001f900cf3710
Event: 109.366 Thread 0x000001f9763bf7a0 flushing  nmethod 0x000001f900d0b510
Event: 109.366 Thread 0x000001f9763bf7a0 flushing  nmethod 0x000001f900d36790
Event: 109.366 Thread 0x000001f9763bf7a0 flushing  nmethod 0x000001f900d3a410
Event: 109.366 Thread 0x000001f9763bf7a0 flushing  nmethod 0x000001f900d3c290
Event: 109.366 Thread 0x000001f9763bf7a0 flushing  nmethod 0x000001f900d3fa90
Event: 109.366 Thread 0x000001f9763bf7a0 flushing  nmethod 0x000001f900d40d90
Event: 109.366 Thread 0x000001f9763bf7a0 flushing  nmethod 0x000001f900d43310
Event: 109.366 Thread 0x000001f9763bf7a0 flushing  nmethod 0x000001f900d45590
Event: 109.366 Thread 0x000001f9763bf7a0 flushing  nmethod 0x000001f900d71690
Event: 109.366 Thread 0x000001f9763bf7a0 flushing  nmethod 0x000001f900d7e510
Event: 109.366 Thread 0x000001f9763bf7a0 flushing  nmethod 0x000001f900dada10
Event: 109.366 Thread 0x000001f9763bf7a0 flushing  nmethod 0x000001f900de0990
Event: 109.366 Thread 0x000001f9763bf7a0 flushing  nmethod 0x000001f900de1f90
Event: 109.366 Thread 0x000001f9763bf7a0 flushing  nmethod 0x000001f900de2310
Event: 109.366 Thread 0x000001f9763bf7a0 flushing  nmethod 0x000001f900de2710

Events (20 events):
Event: 399.550 Thread 0x000001f95ae639c0 Thread exited: 0x000001f95ae639c0
Event: 399.560 Thread 0x000001f95ae66e40 Thread exited: 0x000001f95ae66e40
Event: 399.561 Thread 0x000001f95b1e40b0 Thread exited: 0x000001f95b1e40b0
Event: 399.659 Thread 0x000001f95b1e4dd0 Thread exited: 0x000001f95b1e4dd0
Event: 399.929 Thread 0x000001f95ae68f10 Thread exited: 0x000001f95ae68f10
Event: 413.205 Thread 0x000001f95ae62610 Thread exited: 0x000001f95ae62610
Event: 473.206 Thread 0x000001f95b1e9600 Thread exited: 0x000001f95b1e9600
Event: 533.215 Thread 0x000001f95ae695a0 Thread exited: 0x000001f95ae695a0
Event: 593.215 Thread 0x000001f95ae681f0 Thread exited: 0x000001f95ae681f0
Event: 653.217 Thread 0x000001f95b1e6810 Thread exited: 0x000001f95b1e6810
Event: 713.216 Thread 0x000001f95ae68880 Thread exited: 0x000001f95ae68880
Event: 773.217 Thread 0x000001f95ae62ca0 Thread exited: 0x000001f95ae62ca0
Event: 4463.165 Thread 0x000001f9568e49c0 Thread added: 0x000001f957331e60
Event: 4523.252 Thread 0x000001f957331e60 Thread exited: 0x000001f957331e60
Event: 4606.843 Thread 0x000001f9568e49c0 Thread added: 0x000001f957331e60
Event: 4606.854 Thread 0x000001f9568e49c0 Thread added: 0x000001f95ae64050
Event: 4606.857 Thread 0x000001f9568e49c0 Thread added: 0x000001f95ae68f10
Event: 4606.904 Thread 0x000001f95ae64050 Thread added: 0x000001f95ae639c0
Event: 4607.176 Thread 0x000001f97fad0060 Thread added: 0x000001f958616160
Event: 4607.177 Thread 0x000001f97fad0060 Thread added: 0x000001f958616830


Dynamic libraries:
0x00007ff7988a0000 - 0x00007ff7988ae000 	c:\Users\LORD EMILIO\.vscode\extensions\redhat.java-1.42.0-win32-x64\jre\21.0.7-win32-x86_64\bin\java.exe
0x00007ff83e410000 - 0x00007ff83e608000 	C:\Windows\SYSTEM32\ntdll.dll
0x00007ff83d380000 - 0x00007ff83d43f000 	C:\Windows\System32\KERNEL32.DLL
0x00007ff83bfe0000 - 0x00007ff83c2d6000 	C:\Windows\System32\KERNELBASE.dll
0x00007ff83bbf0000 - 0x00007ff83bcf0000 	C:\Windows\System32\ucrtbase.dll
0x00007ff837f50000 - 0x00007ff837f68000 	c:\Users\LORD EMILIO\.vscode\extensions\redhat.java-1.42.0-win32-x64\jre\21.0.7-win32-x86_64\bin\jli.dll
0x00007ff83d1e0000 - 0x00007ff83d37d000 	C:\Windows\System32\USER32.dll
0x00007ff83bb30000 - 0x00007ff83bb52000 	C:\Windows\System32\win32u.dll
0x00007ff83d730000 - 0x00007ff83d75c000 	C:\Windows\System32\GDI32.dll
0x00007ff83bec0000 - 0x00007ff83bfd5000 	C:\Windows\System32\gdi32full.dll
0x00007ff83c3c0000 - 0x00007ff83c45d000 	C:\Windows\System32\msvcp_win.dll
0x00007ff82be10000 - 0x00007ff82be2e000 	c:\Users\LORD EMILIO\.vscode\extensions\redhat.java-1.42.0-win32-x64\jre\21.0.7-win32-x86_64\bin\VCRUNTIME140.dll
0x00007ff82b1d0000 - 0x00007ff82b46a000 	C:\Windows\WinSxS\amd64_microsoft.windows.common-controls_6595b64144ccf1df_6.0.19041.1110_none_60b5254171f9507e\COMCTL32.dll
0x00007ff83d810000 - 0x00007ff83d8ae000 	C:\Windows\System32\msvcrt.dll
0x00007ff83d970000 - 0x00007ff83d9a0000 	C:\Windows\System32\IMM32.DLL
0x00007ff82a8b0000 - 0x00007ff82a8bc000 	c:\Users\LORD EMILIO\.vscode\extensions\redhat.java-1.42.0-win32-x64\jre\21.0.7-win32-x86_64\bin\vcruntime140_1.dll
0x00007ff82a820000 - 0x00007ff82a8ad000 	c:\Users\LORD EMILIO\.vscode\extensions\redhat.java-1.42.0-win32-x64\jre\21.0.7-win32-x86_64\bin\msvcp140.dll
0x00007fffa8dd0000 - 0x00007fffa9b60000 	c:\Users\LORD EMILIO\.vscode\extensions\redhat.java-1.42.0-win32-x64\jre\21.0.7-win32-x86_64\bin\server\jvm.dll
0x00007ff83c5c0000 - 0x00007ff83c66f000 	C:\Windows\System32\ADVAPI32.dll
0x00007ff83c670000 - 0x00007ff83c70c000 	C:\Windows\System32\sechost.dll
0x00007ff83e0f0000 - 0x00007ff83e216000 	C:\Windows\System32\RPCRT4.dll
0x00007ff83e220000 - 0x00007ff83e28b000 	C:\Windows\System32\WS2_32.dll
0x00007ff83b290000 - 0x00007ff83b2db000 	C:\Windows\SYSTEM32\POWRPROF.dll
0x00007ff831960000 - 0x00007ff831987000 	C:\Windows\SYSTEM32\WINMM.dll
0x00007ff8351a0000 - 0x00007ff8351aa000 	C:\Windows\SYSTEM32\VERSION.dll
0x00007ff83b1e0000 - 0x00007ff83b1f2000 	C:\Windows\SYSTEM32\UMPDC.dll
0x00007ff83a3c0000 - 0x00007ff83a3d2000 	C:\Windows\SYSTEM32\kernel.appcore.dll
0x00007ff82a810000 - 0x00007ff82a81a000 	c:\Users\LORD EMILIO\.vscode\extensions\redhat.java-1.42.0-win32-x64\jre\21.0.7-win32-x86_64\bin\jimage.dll
0x00007ff839ed0000 - 0x00007ff83a0b4000 	C:\Windows\SYSTEM32\DBGHELP.DLL
0x00007ff82a950000 - 0x00007ff82a984000 	C:\Windows\SYSTEM32\dbgcore.DLL
0x00007ff83bb60000 - 0x00007ff83bbe2000 	C:\Windows\System32\bcryptPrimitives.dll
0x00007ff8262f0000 - 0x00007ff8262ff000 	c:\Users\LORD EMILIO\.vscode\extensions\redhat.java-1.42.0-win32-x64\jre\21.0.7-win32-x86_64\bin\instrument.dll
0x00007ff822410000 - 0x00007ff82242f000 	c:\Users\LORD EMILIO\.vscode\extensions\redhat.java-1.42.0-win32-x64\jre\21.0.7-win32-x86_64\bin\java.dll
0x00007ff83d9a0000 - 0x00007ff83e0e4000 	C:\Windows\System32\SHELL32.dll
0x00007ff839730000 - 0x00007ff839ec3000 	C:\Windows\SYSTEM32\windows.storage.dll
0x00007ff83c710000 - 0x00007ff83ca64000 	C:\Windows\System32\combase.dll
0x00007ff83b580000 - 0x00007ff83b5ae000 	C:\Windows\SYSTEM32\Wldp.dll
0x00007ff83e290000 - 0x00007ff83e33d000 	C:\Windows\System32\SHCORE.dll
0x00007ff83d560000 - 0x00007ff83d5b5000 	C:\Windows\System32\shlwapi.dll
0x00007ff83ba70000 - 0x00007ff83ba8f000 	C:\Windows\SYSTEM32\profapi.dll
0x00007ff81ddf0000 - 0x00007ff81de08000 	c:\Users\LORD EMILIO\.vscode\extensions\redhat.java-1.42.0-win32-x64\jre\21.0.7-win32-x86_64\bin\zip.dll
0x00007ff82a800000 - 0x00007ff82a810000 	C:\Users\LORD EMILIO\.vscode\extensions\redhat.java-1.42.0-win32-x64\jre\21.0.7-win32-x86_64\bin\net.dll
0x00007ff834a00000 - 0x00007ff834b0a000 	C:\Windows\SYSTEM32\WINHTTP.dll
0x00007ff83b2e0000 - 0x00007ff83b34a000 	C:\Windows\system32\mswsock.dll
0x00007ff81ddd0000 - 0x00007ff81dde6000 	C:\Users\LORD EMILIO\.vscode\extensions\redhat.java-1.42.0-win32-x64\jre\21.0.7-win32-x86_64\bin\nio.dll
0x00007ff8223e0000 - 0x00007ff8223f0000 	c:\Users\LORD EMILIO\.vscode\extensions\redhat.java-1.42.0-win32-x64\jre\21.0.7-win32-x86_64\bin\verify.dll
0x00007ff81dd30000 - 0x00007ff81dd75000 	C:\Users\LORD EMILIO\AppData\Roaming\Code\User\globalStorage\redhat.java\1.42.0\config_win\org.eclipse.equinox.launcher\org.eclipse.equinox.launcher.win32.win32.x86_64_1.2.1300.v20250331-1702\eclipse_11911.dll
0x00007ff83d0b0000 - 0x00007ff83d1da000 	C:\Windows\System32\ole32.dll
0x00007ff822400000 - 0x00007ff82240a000 	C:\Users\LORD EMILIO\.vscode\extensions\redhat.java-1.42.0-win32-x64\jre\21.0.7-win32-x86_64\bin\management.dll
0x00007ff8223f0000 - 0x00007ff8223fb000 	C:\Users\LORD EMILIO\.vscode\extensions\redhat.java-1.42.0-win32-x64\jre\21.0.7-win32-x86_64\bin\management_ext.dll
0x00007ff83d5c0000 - 0x00007ff83d5c8000 	C:\Windows\System32\PSAPI.DLL
0x00007ff83b4d0000 - 0x00007ff83b4e8000 	C:\Windows\SYSTEM32\CRYPTSP.dll
0x00007ff83ab20000 - 0x00007ff83ab54000 	C:\Windows\system32\rsaenh.dll
0x00007ff83c390000 - 0x00007ff83c3b7000 	C:\Windows\System32\bcrypt.dll
0x00007ff83ba30000 - 0x00007ff83ba5e000 	C:\Windows\SYSTEM32\USERENV.dll
0x00007ff83b4f0000 - 0x00007ff83b4fc000 	C:\Windows\SYSTEM32\CRYPTBASE.dll
0x00007ff83af60000 - 0x00007ff83af9c000 	C:\Windows\SYSTEM32\IPHLPAPI.DLL
0x00007ff83d0a0000 - 0x00007ff83d0a8000 	C:\Windows\System32\NSI.dll
0x00007ff81d710000 - 0x00007ff81d759000 	C:\Users\LORD EMILIO\AppData\Local\Temp\jna--1020287556\jna9101477928716462414.dll
0x00007ff836380000 - 0x00007ff836397000 	C:\Windows\SYSTEM32\dhcpcsvc6.DLL
0x00007ff835a10000 - 0x00007ff835a2d000 	C:\Windows\SYSTEM32\dhcpcsvc.DLL
0x00007ff8223d0000 - 0x00007ff8223de000 	C:\Users\LORD EMILIO\.vscode\extensions\redhat.java-1.42.0-win32-x64\jre\21.0.7-win32-x86_64\bin\sunmscapi.dll
0x00007ff83bd60000 - 0x00007ff83bebe000 	C:\Windows\System32\CRYPT32.dll
0x00007ff83b5f0000 - 0x00007ff83b618000 	C:\Windows\SYSTEM32\ncrypt.dll
0x00007ff83b5b0000 - 0x00007ff83b5eb000 	C:\Windows\SYSTEM32\NTASN1.dll
0x00007ff83afa0000 - 0x00007ff83b06a000 	C:\Windows\SYSTEM32\DNSAPI.dll
0x00007ff833bf0000 - 0x00007ff833bfa000 	C:\Windows\System32\rasadhlp.dll
0x00007ff833980000 - 0x00007ff833a02000 	C:\Windows\System32\fwpuclnt.dll
0x00007ff820e60000 - 0x00007ff820e69000 	C:\Users\LORD EMILIO\.vscode\extensions\redhat.java-1.42.0-win32-x64\jre\21.0.7-win32-x86_64\bin\extnet.dll
0x00007ff80d790000 - 0x00007ff80d7b7000 	C:\Users\LORD EMILIO\.gradle\native\1def1411415f61bf3af743bc5b6707747c0891f09f0c88961ee8f79bc544acac\windows-amd64\native-platform.dll
0x00007ff838470000 - 0x00007ff838477000 	C:\Windows\system32\wshunix.dll

dbghelp: loaded successfully - version: 4.0.5 - missing functions: none
symbol engine: initialized successfully - sym options: 0x614 - pdb path: .;c:\Users\LORD EMILIO\.vscode\extensions\redhat.java-1.42.0-win32-x64\jre\21.0.7-win32-x86_64\bin;C:\Windows\SYSTEM32;C:\Windows\WinSxS\amd64_microsoft.windows.common-controls_6595b64144ccf1df_6.0.19041.1110_none_60b5254171f9507e;c:\Users\LORD EMILIO\.vscode\extensions\redhat.java-1.42.0-win32-x64\jre\21.0.7-win32-x86_64\bin\server;C:\Users\LORD EMILIO\AppData\Roaming\Code\User\globalStorage\redhat.java\1.42.0\config_win\org.eclipse.equinox.launcher\org.eclipse.equinox.launcher.win32.win32.x86_64_1.2.1300.v20250331-1702;C:\Users\LORD EMILIO\AppData\Local\Temp\jna--1020287556;C:\Users\LORD EMILIO\.gradle\native\1def1411415f61bf3af743bc5b6707747c0891f09f0c88961ee8f79bc544acac\windows-amd64

VM Arguments:
jvm_args: --add-modules=ALL-SYSTEM --add-opens=java.base/java.util=ALL-UNNAMED --add-opens=java.base/java.lang=ALL-UNNAMED --add-opens=java.base/sun.nio.fs=ALL-UNNAMED -Declipse.application=org.eclipse.jdt.ls.core.id1 -Dosgi.bundles.defaultStartLevel=4 -Declipse.product=org.eclipse.jdt.ls.core.product -Djava.import.generatesMetadataFilesAtProjectRoot=false -DDetectVMInstallationsJob.disabled=true -Dfile.encoding=utf8 -XX:+UseParallelGC -XX:GCTimeRatio=4 -XX:AdaptiveSizePolicyWeight=90 -Dsun.zip.disableMemoryMapping=true -Xmx1G -Xms100m -Xlog:disable -javaagent:c:\Users\LORD EMILIO\.vscode\extensions\redhat.java-1.42.0-win32-x64\lombok\lombok-1.18.36.jar -XX:+HeapDumpOnOutOfMemoryError -XX:HeapDumpPath=c:\Users\LORD EMILIO\AppData\Roaming\Code\User\workspaceStorage\915489e9bd0cf59688f0d9b3132dc347\redhat.java -Daether.dependencyCollector.impl=bf 
java_command: c:\Users\LORD EMILIO\.vscode\extensions\redhat.java-1.42.0-win32-x64\server\plugins\org.eclipse.equinox.launcher_1.7.0.v20250424-1814.jar -configuration c:\Users\LORD EMILIO\AppData\Roaming\Code\User\globalStorage\redhat.java\1.42.0\config_win -data c:\Users\LORD EMILIO\AppData\Roaming\Code\User\workspaceStorage\915489e9bd0cf59688f0d9b3132dc347\redhat.java\jdt_ws --pipe=\\.\pipe\lsp-b03dd81a2f409af329a3b7912836e373-sock
java_class_path (initial): c:\Users\LORD EMILIO\.vscode\extensions\redhat.java-1.42.0-win32-x64\server\plugins\org.eclipse.equinox.launcher_1.7.0.v20250424-1814.jar
Launcher Type: SUN_STANDARD

[Global flags]
    uintx AdaptiveSizePolicyWeight                 = 90                                        {product} {command line}
     intx CICompilerCount                          = 4                                         {product} {ergonomic}
    uintx GCTimeRatio                              = 4                                         {product} {command line}
     bool HeapDumpOnOutOfMemoryError               = true                                   {manageable} {command line}
    ccstr HeapDumpPath                             = c:\Users\LORD EMILIO\AppData\Roaming\Code\User\workspaceStorage\915489e9bd0cf59688f0d9b3132dc347\redhat.java         {manageable} {command line}
   size_t InitialHeapSize                          = 104857600                                 {product} {command line}
   size_t MaxHeapSize                              = 1073741824                                {product} {command line}
   size_t MaxNewSize                               = 357564416                                 {product} {ergonomic}
   size_t MinHeapDeltaBytes                        = 524288                                    {product} {ergonomic}
   size_t MinHeapSize                              = 104857600                                 {product} {command line}
   size_t NewSize                                  = 34603008                                  {product} {ergonomic}
    uintx NonNMethodCodeHeapSize                   = 5839372                                {pd product} {ergonomic}
    uintx NonProfiledCodeHeapSize                  = 122909434                              {pd product} {ergonomic}
   size_t OldSize                                  = 70254592                                  {product} {ergonomic}
    uintx ProfiledCodeHeapSize                     = 122909434                              {pd product} {ergonomic}
    uintx ReservedCodeCacheSize                    = 251658240                              {pd product} {ergonomic}
     bool SegmentedCodeCache                       = true                                      {product} {ergonomic}
   size_t SoftMaxHeapSize                          = 1073741824                             {manageable} {ergonomic}
     bool UseCompressedOops                        = true                           {product lp64_product} {ergonomic}
     bool UseLargePagesIndividualAllocation        = false                                  {pd product} {ergonomic}
     bool UseParallelGC                            = true                                      {product} {command line}

Logging:
Log output configuration:
 #0: stdout all=off uptime,level,tags foldmultilines=false
 #1: stderr all=off uptime,level,tags foldmultilines=false

Environment Variables:
PATH=C:\Python313\Scripts\;C:\Python313\;C:\Program Files\ImageMagick-7.1.1-Q16-HDRI;C:\Program Files (x86)\NVIDIA Corporation\PhysX\Common;C:\Python312\Scripts\;C:\Python312\;C:\Program Files\Common Files\Oracle\Java\javapath;C:\Program Files (x86)\Common Files\Oracle\Java\javapath;C:\Windows\system32;C:\Windows;C:\Windows\System32\Wbem;C:\Windows\System32\WindowsPowerShell\v1.0\;C:\Windows\System32\OpenSSH\;C:\Program Files\Process Lasso\;C:\ProgramData\chocolatey\bin;C:\Program Files\dotnet\;C:\Program Files\Git\cmd;C:\Program Files\k6\;C:\Program Files\Docker\Docker\resources\bin;C:\Program Files\nodejs\;C:\Users\LORD EMILIO\.console-ninja\.bin;C:\Users\LORD EMILIO\AppData\Local\Microsoft\WindowsApps;C:\Users\LORD EMILIO\AppData\Local\Programs\Microsoft VS Code\bin;C:\Program Files\JetBrains\IntelliJ IDEA 2023.2.1\bin;;C:\Users\LORD EMILIO\AppData\Local\Programs\Python;C:\Users\LORD EMILIO\AppData\Roaming\Python\Python312\Scripts;;C:\Program Files\JetBrains\CLion 2024.1.4\bin;C:\Users\LORD EMILIO\AppData\Roaming\npm
USERNAME=LORD EMILIO
OS=Windows_NT
PROCESSOR_IDENTIFIER=AMD64 Family 23 Model 8 Stepping 2, AuthenticAMD
TMP=C:\Users\LORD EMILIO\AppData\Local\Temp
TEMP=C:\Users\LORD EMILIO\AppData\Local\Temp




Periodic native trim disabled

---------------  S Y S T E M  ---------------

OS:
 Windows 10 , 64 bit Build 19041 (10.0.19041.3031)
OS uptime: 0 days 7:29 hours

CPU: total 12 (initial active 12) (12 cores per cpu, 2 threads per core) family 23 model 8 stepping 2 microcode 0x0, cx8, cmov, fxsr, ht, mmx, 3dnowpref, sse, sse2, sse3, ssse3, sse4a, sse4.1, sse4.2, popcnt, lzcnt, tsc, tscinvbit, avx, avx2, aes, clmul, bmi1, bmi2, adx, sha, fma, vzeroupper, clflush, clflushopt, rdtscp, f16c
Processor Information for the first 12 processors :
  Max Mhz: 3200, Current Mhz: 3200, Mhz Limit: 3200

Memory: 4k page, system-wide physical 16309M (8169M free)
TotalPageFile size 26549M (AvailPageFile size 0M)
current process WorkingSet (physical memory assigned to process): 119M, peak: 1089M
current process commit charge ("private bytes"): 809M, peak: 1049M

vm_info: OpenJDK 64-Bit Server VM (21.0.7+6-LTS) for windows-amd64 JRE (21.0.7+6-LTS), built on 2025-04-15T00:00:00Z by "admin" with MS VC++ 17.7 (VS2022)

END.
